[2024-12-05T10:26:28.886+0000] {taskinstance.py:1171} INFO - Dependencies all met for <TaskInstance: P2M3.starting manual__2024-12-05T10:26:15.958289+00:00 [queued]>
[2024-12-05T10:26:28.894+0000] {taskinstance.py:1171} INFO - Dependencies all met for <TaskInstance: P2M3.starting manual__2024-12-05T10:26:15.958289+00:00 [queued]>
[2024-12-05T10:26:28.895+0000] {taskinstance.py:1368} INFO - 
--------------------------------------------------------------------------------
[2024-12-05T10:26:28.895+0000] {taskinstance.py:1369} INFO - Starting attempt 1 of 1
[2024-12-05T10:26:28.895+0000] {taskinstance.py:1370} INFO - 
--------------------------------------------------------------------------------
[2024-12-05T10:26:28.908+0000] {taskinstance.py:1389} INFO - Executing <Task(BashOperator): starting> on 2024-12-05 10:26:15.958289+00:00
[2024-12-05T10:26:28.924+0000] {standard_task_runner.py:52} INFO - Started process 2356 to run task
[2024-12-05T10:26:28.926+0000] {standard_task_runner.py:79} INFO - Running: ['***', 'tasks', 'run', 'P2M3', 'starting', 'manual__2024-12-05T10:26:15.958289+00:00', '--job-id', '14', '--raw', '--subdir', 'DAGS_FOLDER/P2M3_alridho_DAG.py', '--cfg-path', '/tmp/tmpvv4cztmr', '--error-file', '/tmp/tmpn14m8zll']
[2024-12-05T10:26:28.927+0000] {standard_task_runner.py:80} INFO - Job 14: Subtask starting
[2024-12-05T10:26:29.031+0000] {task_command.py:371} INFO - Running <TaskInstance: P2M3.starting manual__2024-12-05T10:26:15.958289+00:00 [running]> on host 91c538a0d2ed
[2024-12-05T10:26:29.166+0000] {taskinstance.py:1583} INFO - Exporting the following env vars:
AIRFLOW_CTX_DAG_OWNER=alridho
AIRFLOW_CTX_DAG_ID=P2M3
AIRFLOW_CTX_TASK_ID=starting
AIRFLOW_CTX_EXECUTION_DATE=2024-12-05T10:26:15.958289+00:00
AIRFLOW_CTX_TRY_NUMBER=1
AIRFLOW_CTX_DAG_RUN_ID=manual__2024-12-05T10:26:15.958289+00:00
[2024-12-05T10:26:29.167+0000] {subprocess.py:62} INFO - Tmp dir root location: 
 /tmp
[2024-12-05T10:26:29.168+0000] {subprocess.py:74} INFO - Running command: ['/bin/bash', '-c', 'echo "Starting the process of reading the CSV file to load the data..."']
[2024-12-05T10:26:29.200+0000] {subprocess.py:85} INFO - Output:
[2024-12-05T10:26:29.312+0000] {subprocess.py:92} INFO - Starting the process of reading the CSV file to load the data...
[2024-12-05T10:26:29.312+0000] {subprocess.py:96} INFO - Command exited with return code 0
[2024-12-05T10:26:29.367+0000] {taskinstance.py:1412} INFO - Marking task as SUCCESS. dag_id=P2M3, task_id=starting, execution_date=20241205T102615, start_date=20241205T102628, end_date=20241205T102629
[2024-12-05T10:26:29.426+0000] {local_task_job.py:156} INFO - Task exited with return code 0
[2024-12-05T10:26:29.486+0000] {local_task_job.py:279} INFO - 1 downstream tasks scheduled from follow-on schedule check
