[2024-12-05T12:19:36.489+0000] {taskinstance.py:1171} INFO - Dependencies all met for <TaskInstance: P2M3.data-cleaning manual__2024-12-05T12:18:59.835789+00:00 [queued]>
[2024-12-05T12:19:36.497+0000] {taskinstance.py:1171} INFO - Dependencies all met for <TaskInstance: P2M3.data-cleaning manual__2024-12-05T12:18:59.835789+00:00 [queued]>
[2024-12-05T12:19:36.497+0000] {taskinstance.py:1368} INFO - 
--------------------------------------------------------------------------------
[2024-12-05T12:19:36.498+0000] {taskinstance.py:1369} INFO - Starting attempt 1 of 1
[2024-12-05T12:19:36.498+0000] {taskinstance.py:1370} INFO - 
--------------------------------------------------------------------------------
[2024-12-05T12:19:36.508+0000] {taskinstance.py:1389} INFO - Executing <Task(PythonOperator): data-cleaning> on 2024-12-05 12:18:59.835789+00:00
[2024-12-05T12:19:36.514+0000] {standard_task_runner.py:52} INFO - Started process 226 to run task
[2024-12-05T12:19:36.515+0000] {standard_task_runner.py:79} INFO - Running: ['***', 'tasks', 'run', 'P2M3', 'data-cleaning', 'manual__2024-12-05T12:18:59.835789+00:00', '--job-id', '83', '--raw', '--subdir', 'DAGS_FOLDER/P2M3_alridho_DAG.py', '--cfg-path', '/tmp/tmp55ld8qf9', '--error-file', '/tmp/tmptl_ft3sa']
[2024-12-05T12:19:36.516+0000] {standard_task_runner.py:80} INFO - Job 83: Subtask data-cleaning
[2024-12-05T12:19:36.606+0000] {task_command.py:371} INFO - Running <TaskInstance: P2M3.data-cleaning manual__2024-12-05T12:18:59.835789+00:00 [running]> on host f1a3a7cf14eb
[2024-12-05T12:19:36.705+0000] {taskinstance.py:1583} INFO - Exporting the following env vars:
AIRFLOW_CTX_DAG_OWNER=alridho
AIRFLOW_CTX_DAG_ID=P2M3
AIRFLOW_CTX_TASK_ID=data-cleaning
AIRFLOW_CTX_EXECUTION_DATE=2024-12-05T12:18:59.835789+00:00
AIRFLOW_CTX_TRY_NUMBER=1
AIRFLOW_CTX_DAG_RUN_ID=manual__2024-12-05T12:18:59.835789+00:00
[2024-12-05T12:19:36.870+0000] {python.py:173} INFO - Done. Returned value was: None
[2024-12-05T12:19:36.902+0000] {taskinstance.py:1412} INFO - Marking task as SUCCESS. dag_id=P2M3, task_id=data-cleaning, execution_date=20241205T121859, start_date=20241205T121936, end_date=20241205T121936
[2024-12-05T12:19:36.927+0000] {local_task_job.py:156} INFO - Task exited with return code 0
[2024-12-05T12:19:36.996+0000] {local_task_job.py:279} INFO - 0 downstream tasks scheduled from follow-on schedule check
