[2024-12-05T12:01:16.677+0000] {taskinstance.py:1171} INFO - Dependencies all met for <TaskInstance: P2M3.data-cleaning manual__2024-12-05T12:01:10.992542+00:00 [queued]>
[2024-12-05T12:01:16.684+0000] {taskinstance.py:1171} INFO - Dependencies all met for <TaskInstance: P2M3.data-cleaning manual__2024-12-05T12:01:10.992542+00:00 [queued]>
[2024-12-05T12:01:16.685+0000] {taskinstance.py:1368} INFO - 
--------------------------------------------------------------------------------
[2024-12-05T12:01:16.685+0000] {taskinstance.py:1369} INFO - Starting attempt 1 of 1
[2024-12-05T12:01:16.685+0000] {taskinstance.py:1370} INFO - 
--------------------------------------------------------------------------------
[2024-12-05T12:01:16.698+0000] {taskinstance.py:1389} INFO - Executing <Task(PythonOperator): data-cleaning> on 2024-12-05 12:01:10.992542+00:00
[2024-12-05T12:01:16.703+0000] {standard_task_runner.py:52} INFO - Started process 919 to run task
[2024-12-05T12:01:16.706+0000] {standard_task_runner.py:79} INFO - Running: ['***', 'tasks', 'run', 'P2M3', 'data-cleaning', 'manual__2024-12-05T12:01:10.992542+00:00', '--job-id', '59', '--raw', '--subdir', 'DAGS_FOLDER/P2M3_alridho_DAG.py', '--cfg-path', '/tmp/tmp85z0w5ik', '--error-file', '/tmp/tmpdjd8s2xh']
[2024-12-05T12:01:16.707+0000] {standard_task_runner.py:80} INFO - Job 59: Subtask data-cleaning
[2024-12-05T12:01:16.823+0000] {task_command.py:371} INFO - Running <TaskInstance: P2M3.data-cleaning manual__2024-12-05T12:01:10.992542+00:00 [running]> on host 9b483ed80620
[2024-12-05T12:01:16.935+0000] {taskinstance.py:1583} INFO - Exporting the following env vars:
AIRFLOW_CTX_DAG_OWNER=alridho
AIRFLOW_CTX_DAG_ID=P2M3
AIRFLOW_CTX_TASK_ID=data-cleaning
AIRFLOW_CTX_EXECUTION_DATE=2024-12-05T12:01:10.992542+00:00
AIRFLOW_CTX_TRY_NUMBER=1
AIRFLOW_CTX_DAG_RUN_ID=manual__2024-12-05T12:01:10.992542+00:00
[2024-12-05T12:01:16.968+0000] {python.py:173} INFO - Done. Returned value was: None
[2024-12-05T12:01:16.991+0000] {taskinstance.py:1412} INFO - Marking task as SUCCESS. dag_id=P2M3, task_id=data-cleaning, execution_date=20241205T120110, start_date=20241205T120116, end_date=20241205T120116
[2024-12-05T12:01:17.038+0000] {local_task_job.py:156} INFO - Task exited with return code 0
[2024-12-05T12:01:17.093+0000] {local_task_job.py:279} INFO - 1 downstream tasks scheduled from follow-on schedule check
