[2024-12-05T12:05:09.184+0000] {taskinstance.py:1171} INFO - Dependencies all met for <TaskInstance: P2M3.fetch-data manual__2024-12-05T12:05:01.502260+00:00 [queued]>
[2024-12-05T12:05:09.193+0000] {taskinstance.py:1171} INFO - Dependencies all met for <TaskInstance: P2M3.fetch-data manual__2024-12-05T12:05:01.502260+00:00 [queued]>
[2024-12-05T12:05:09.194+0000] {taskinstance.py:1368} INFO - 
--------------------------------------------------------------------------------
[2024-12-05T12:05:09.194+0000] {taskinstance.py:1369} INFO - Starting attempt 1 of 1
[2024-12-05T12:05:09.194+0000] {taskinstance.py:1370} INFO - 
--------------------------------------------------------------------------------
[2024-12-05T12:05:09.207+0000] {taskinstance.py:1389} INFO - Executing <Task(PythonOperator): fetch-data> on 2024-12-05 12:05:01.502260+00:00
[2024-12-05T12:05:09.213+0000] {standard_task_runner.py:52} INFO - Started process 1009 to run task
[2024-12-05T12:05:09.216+0000] {standard_task_runner.py:79} INFO - Running: ['***', 'tasks', 'run', 'P2M3', 'fetch-data', 'manual__2024-12-05T12:05:01.502260+00:00', '--job-id', '66', '--raw', '--subdir', 'DAGS_FOLDER/P2M3_alridho_DAG.py', '--cfg-path', '/tmp/tmp0r09umvf', '--error-file', '/tmp/tmpj8_josjx']
[2024-12-05T12:05:09.217+0000] {standard_task_runner.py:80} INFO - Job 66: Subtask fetch-data
[2024-12-05T12:05:09.332+0000] {task_command.py:371} INFO - Running <TaskInstance: P2M3.fetch-data manual__2024-12-05T12:05:01.502260+00:00 [running]> on host 9b483ed80620
[2024-12-05T12:05:09.440+0000] {taskinstance.py:1583} INFO - Exporting the following env vars:
AIRFLOW_CTX_DAG_OWNER=alridho
AIRFLOW_CTX_DAG_ID=P2M3
AIRFLOW_CTX_TASK_ID=fetch-data
AIRFLOW_CTX_EXECUTION_DATE=2024-12-05T12:05:01.502260+00:00
AIRFLOW_CTX_TRY_NUMBER=1
AIRFLOW_CTX_DAG_RUN_ID=manual__2024-12-05T12:05:01.502260+00:00
[2024-12-05T12:05:09.485+0000] {python.py:173} INFO - Done. Returned value was: None
[2024-12-05T12:05:09.516+0000] {taskinstance.py:1412} INFO - Marking task as SUCCESS. dag_id=P2M3, task_id=fetch-data, execution_date=20241205T120501, start_date=20241205T120509, end_date=20241205T120509
[2024-12-05T12:05:09.550+0000] {local_task_job.py:156} INFO - Task exited with return code 0
[2024-12-05T12:05:09.613+0000] {local_task_job.py:279} INFO - 1 downstream tasks scheduled from follow-on schedule check
