[2024-12-05T10:26:28.847+0000] {taskinstance.py:1171} INFO - Dependencies all met for <TaskInstance: P2M3.starting scheduled__2024-11-30T09:20:00+00:00 [queued]>
[2024-12-05T10:26:28.855+0000] {taskinstance.py:1171} INFO - Dependencies all met for <TaskInstance: P2M3.starting scheduled__2024-11-30T09:20:00+00:00 [queued]>
[2024-12-05T10:26:28.855+0000] {taskinstance.py:1368} INFO - 
--------------------------------------------------------------------------------
[2024-12-05T10:26:28.856+0000] {taskinstance.py:1369} INFO - Starting attempt 1 of 1
[2024-12-05T10:26:28.856+0000] {taskinstance.py:1370} INFO - 
--------------------------------------------------------------------------------
[2024-12-05T10:26:28.879+0000] {taskinstance.py:1389} INFO - Executing <Task(BashOperator): starting> on 2024-11-30 09:20:00+00:00
[2024-12-05T10:26:28.896+0000] {standard_task_runner.py:52} INFO - Started process 2355 to run task
[2024-12-05T10:26:28.898+0000] {standard_task_runner.py:79} INFO - Running: ['***', 'tasks', 'run', 'P2M3', 'starting', 'scheduled__2024-11-30T09:20:00+00:00', '--job-id', '13', '--raw', '--subdir', 'DAGS_FOLDER/P2M3_alridho_DAG.py', '--cfg-path', '/tmp/tmpuj1n9e4b', '--error-file', '/tmp/tmpsl01h_bs']
[2024-12-05T10:26:28.909+0000] {standard_task_runner.py:80} INFO - Job 13: Subtask starting
[2024-12-05T10:26:29.012+0000] {task_command.py:371} INFO - Running <TaskInstance: P2M3.starting scheduled__2024-11-30T09:20:00+00:00 [running]> on host 91c538a0d2ed
[2024-12-05T10:26:29.155+0000] {taskinstance.py:1583} INFO - Exporting the following env vars:
AIRFLOW_CTX_DAG_OWNER=alridho
AIRFLOW_CTX_DAG_ID=P2M3
AIRFLOW_CTX_TASK_ID=starting
AIRFLOW_CTX_EXECUTION_DATE=2024-11-30T09:20:00+00:00
AIRFLOW_CTX_TRY_NUMBER=1
AIRFLOW_CTX_DAG_RUN_ID=scheduled__2024-11-30T09:20:00+00:00
[2024-12-05T10:26:29.162+0000] {subprocess.py:62} INFO - Tmp dir root location: 
 /tmp
[2024-12-05T10:26:29.163+0000] {subprocess.py:74} INFO - Running command: ['/bin/bash', '-c', 'echo "Starting the process of reading the CSV file to load the data..."']
[2024-12-05T10:26:29.224+0000] {subprocess.py:85} INFO - Output:
[2024-12-05T10:26:29.312+0000] {subprocess.py:92} INFO - Starting the process of reading the CSV file to load the data...
[2024-12-05T10:26:29.312+0000] {subprocess.py:96} INFO - Command exited with return code 0
[2024-12-05T10:26:29.367+0000] {taskinstance.py:1412} INFO - Marking task as SUCCESS. dag_id=P2M3, task_id=starting, execution_date=20241130T092000, start_date=20241205T102628, end_date=20241205T102629
[2024-12-05T10:26:29.391+0000] {local_task_job.py:156} INFO - Task exited with return code 0
[2024-12-05T10:26:29.462+0000] {local_task_job.py:279} INFO - 1 downstream tasks scheduled from follow-on schedule check
[2024-12-05T11:34:53.519+0000] {taskinstance.py:1171} INFO - Dependencies all met for <TaskInstance: P2M3.starting scheduled__2024-11-30T09:20:00+00:00 [queued]>
[2024-12-05T11:34:53.527+0000] {taskinstance.py:1171} INFO - Dependencies all met for <TaskInstance: P2M3.starting scheduled__2024-11-30T09:20:00+00:00 [queued]>
[2024-12-05T11:34:53.527+0000] {taskinstance.py:1368} INFO - 
--------------------------------------------------------------------------------
[2024-12-05T11:34:53.527+0000] {taskinstance.py:1369} INFO - Starting attempt 1 of 1
[2024-12-05T11:34:53.527+0000] {taskinstance.py:1370} INFO - 
--------------------------------------------------------------------------------
[2024-12-05T11:34:53.542+0000] {taskinstance.py:1389} INFO - Executing <Task(BashOperator): starting> on 2024-11-30 09:20:00+00:00
[2024-12-05T11:34:53.585+0000] {standard_task_runner.py:52} INFO - Started process 393 to run task
[2024-12-05T11:34:53.588+0000] {standard_task_runner.py:79} INFO - Running: ['***', 'tasks', 'run', 'P2M3', 'starting', 'scheduled__2024-11-30T09:20:00+00:00', '--job-id', '27', '--raw', '--subdir', 'DAGS_FOLDER/P2M3_alridho_DAG.py', '--cfg-path', '/tmp/tmplitghyqj', '--error-file', '/tmp/tmpi8ncsvkx']
[2024-12-05T11:34:53.591+0000] {standard_task_runner.py:80} INFO - Job 27: Subtask starting
[2024-12-05T11:34:54.409+0000] {task_command.py:371} INFO - Running <TaskInstance: P2M3.starting scheduled__2024-11-30T09:20:00+00:00 [running]> on host 9b483ed80620
[2024-12-05T11:34:54.633+0000] {taskinstance.py:1583} INFO - Exporting the following env vars:
AIRFLOW_CTX_DAG_OWNER=alridho
AIRFLOW_CTX_DAG_ID=P2M3
AIRFLOW_CTX_TASK_ID=starting
AIRFLOW_CTX_EXECUTION_DATE=2024-11-30T09:20:00+00:00
AIRFLOW_CTX_TRY_NUMBER=1
AIRFLOW_CTX_DAG_RUN_ID=scheduled__2024-11-30T09:20:00+00:00
[2024-12-05T11:34:54.635+0000] {subprocess.py:62} INFO - Tmp dir root location: 
 /tmp
[2024-12-05T11:34:54.636+0000] {subprocess.py:74} INFO - Running command: ['/bin/bash', '-c', 'echo "Starting the process of reading the CSV file to load the data..."']
[2024-12-05T11:34:54.677+0000] {subprocess.py:85} INFO - Output:
[2024-12-05T11:34:54.677+0000] {subprocess.py:92} INFO - Starting the process of reading the CSV file to load the data...
[2024-12-05T11:34:54.678+0000] {subprocess.py:96} INFO - Command exited with return code 0
[2024-12-05T11:34:54.759+0000] {taskinstance.py:1412} INFO - Marking task as SUCCESS. dag_id=P2M3, task_id=starting, execution_date=20241130T092000, start_date=20241205T113453, end_date=20241205T113454
[2024-12-05T11:34:54.792+0000] {local_task_job.py:156} INFO - Task exited with return code 0
[2024-12-05T11:34:54.852+0000] {local_task_job.py:279} INFO - 1 downstream tasks scheduled from follow-on schedule check
[2024-12-05T11:45:21.744+0000] {taskinstance.py:1171} INFO - Dependencies all met for <TaskInstance: P2M3.starting scheduled__2024-11-30T09:20:00+00:00 [queued]>
[2024-12-05T11:45:21.751+0000] {taskinstance.py:1171} INFO - Dependencies all met for <TaskInstance: P2M3.starting scheduled__2024-11-30T09:20:00+00:00 [queued]>
[2024-12-05T11:45:21.752+0000] {taskinstance.py:1368} INFO - 
--------------------------------------------------------------------------------
[2024-12-05T11:45:21.752+0000] {taskinstance.py:1369} INFO - Starting attempt 1 of 1
[2024-12-05T11:45:21.752+0000] {taskinstance.py:1370} INFO - 
--------------------------------------------------------------------------------
[2024-12-05T11:45:21.765+0000] {taskinstance.py:1389} INFO - Executing <Task(BashOperator): starting> on 2024-11-30 09:20:00+00:00
[2024-12-05T11:45:21.783+0000] {standard_task_runner.py:52} INFO - Started process 596 to run task
[2024-12-05T11:45:21.785+0000] {standard_task_runner.py:79} INFO - Running: ['***', 'tasks', 'run', 'P2M3', 'starting', 'scheduled__2024-11-30T09:20:00+00:00', '--job-id', '38', '--raw', '--subdir', 'DAGS_FOLDER/P2M3_alridho_DAG.py', '--cfg-path', '/tmp/tmp5uc98iv6', '--error-file', '/tmp/tmpuu8d74dk']
[2024-12-05T11:45:21.786+0000] {standard_task_runner.py:80} INFO - Job 38: Subtask starting
[2024-12-05T11:45:21.891+0000] {task_command.py:371} INFO - Running <TaskInstance: P2M3.starting scheduled__2024-11-30T09:20:00+00:00 [running]> on host 9b483ed80620
[2024-12-05T11:45:22.215+0000] {taskinstance.py:1583} INFO - Exporting the following env vars:
AIRFLOW_CTX_DAG_OWNER=alridho
AIRFLOW_CTX_DAG_ID=P2M3
AIRFLOW_CTX_TASK_ID=starting
AIRFLOW_CTX_EXECUTION_DATE=2024-11-30T09:20:00+00:00
AIRFLOW_CTX_TRY_NUMBER=1
AIRFLOW_CTX_DAG_RUN_ID=scheduled__2024-11-30T09:20:00+00:00
[2024-12-05T11:45:22.216+0000] {subprocess.py:62} INFO - Tmp dir root location: 
 /tmp
[2024-12-05T11:45:22.218+0000] {subprocess.py:74} INFO - Running command: ['/bin/bash', '-c', 'echo "Starting the process of reading the CSV file to load the data..."']
[2024-12-05T11:45:22.231+0000] {subprocess.py:85} INFO - Output:
[2024-12-05T11:45:22.233+0000] {subprocess.py:92} INFO - Starting the process of reading the CSV file to load the data...
[2024-12-05T11:45:22.233+0000] {subprocess.py:96} INFO - Command exited with return code 0
[2024-12-05T11:45:22.466+0000] {taskinstance.py:1412} INFO - Marking task as SUCCESS. dag_id=P2M3, task_id=starting, execution_date=20241130T092000, start_date=20241205T114521, end_date=20241205T114522
[2024-12-05T11:45:22.524+0000] {local_task_job.py:156} INFO - Task exited with return code 0
[2024-12-05T11:45:22.582+0000] {local_task_job.py:279} INFO - 1 downstream tasks scheduled from follow-on schedule check
[2024-12-05T11:49:42.442+0000] {taskinstance.py:1171} INFO - Dependencies all met for <TaskInstance: P2M3.starting scheduled__2024-11-30T09:20:00+00:00 [queued]>
[2024-12-05T11:49:42.450+0000] {taskinstance.py:1171} INFO - Dependencies all met for <TaskInstance: P2M3.starting scheduled__2024-11-30T09:20:00+00:00 [queued]>
[2024-12-05T11:49:42.450+0000] {taskinstance.py:1368} INFO - 
--------------------------------------------------------------------------------
[2024-12-05T11:49:42.450+0000] {taskinstance.py:1369} INFO - Starting attempt 1 of 1
[2024-12-05T11:49:42.450+0000] {taskinstance.py:1370} INFO - 
--------------------------------------------------------------------------------
[2024-12-05T11:49:42.473+0000] {taskinstance.py:1389} INFO - Executing <Task(BashOperator): starting> on 2024-11-30 09:20:00+00:00
[2024-12-05T11:49:42.479+0000] {standard_task_runner.py:52} INFO - Started process 695 to run task
[2024-12-05T11:49:42.482+0000] {standard_task_runner.py:79} INFO - Running: ['***', 'tasks', 'run', 'P2M3', 'starting', 'scheduled__2024-11-30T09:20:00+00:00', '--job-id', '46', '--raw', '--subdir', 'DAGS_FOLDER/P2M3_alridho_DAG.py', '--cfg-path', '/tmp/tmpjv_weo0m', '--error-file', '/tmp/tmplxv7b3gi']
[2024-12-05T11:49:42.483+0000] {standard_task_runner.py:80} INFO - Job 46: Subtask starting
[2024-12-05T11:49:42.576+0000] {task_command.py:371} INFO - Running <TaskInstance: P2M3.starting scheduled__2024-11-30T09:20:00+00:00 [running]> on host 9b483ed80620
[2024-12-05T11:49:42.672+0000] {taskinstance.py:1583} INFO - Exporting the following env vars:
AIRFLOW_CTX_DAG_OWNER=alridho
AIRFLOW_CTX_DAG_ID=P2M3
AIRFLOW_CTX_TASK_ID=starting
AIRFLOW_CTX_EXECUTION_DATE=2024-11-30T09:20:00+00:00
AIRFLOW_CTX_TRY_NUMBER=1
AIRFLOW_CTX_DAG_RUN_ID=scheduled__2024-11-30T09:20:00+00:00
[2024-12-05T11:49:42.673+0000] {subprocess.py:62} INFO - Tmp dir root location: 
 /tmp
[2024-12-05T11:49:42.674+0000] {subprocess.py:74} INFO - Running command: ['/bin/bash', '-c', 'echo "Starting the process of reading the CSV file to load the data..."']
[2024-12-05T11:49:42.685+0000] {subprocess.py:85} INFO - Output:
[2024-12-05T11:49:42.687+0000] {subprocess.py:92} INFO - Starting the process of reading the CSV file to load the data...
[2024-12-05T11:49:42.687+0000] {subprocess.py:96} INFO - Command exited with return code 0
[2024-12-05T11:49:42.738+0000] {taskinstance.py:1412} INFO - Marking task as SUCCESS. dag_id=P2M3, task_id=starting, execution_date=20241130T092000, start_date=20241205T114942, end_date=20241205T114942
[2024-12-05T11:49:42.774+0000] {local_task_job.py:156} INFO - Task exited with return code 0
[2024-12-05T11:49:42.840+0000] {local_task_job.py:279} INFO - 1 downstream tasks scheduled from follow-on schedule check
[2024-12-05T12:01:13.450+0000] {taskinstance.py:1171} INFO - Dependencies all met for <TaskInstance: P2M3.starting scheduled__2024-11-30T09:20:00+00:00 [queued]>
[2024-12-05T12:01:13.458+0000] {taskinstance.py:1171} INFO - Dependencies all met for <TaskInstance: P2M3.starting scheduled__2024-11-30T09:20:00+00:00 [queued]>
[2024-12-05T12:01:13.458+0000] {taskinstance.py:1368} INFO - 
--------------------------------------------------------------------------------
[2024-12-05T12:01:13.459+0000] {taskinstance.py:1369} INFO - Starting attempt 1 of 1
[2024-12-05T12:01:13.459+0000] {taskinstance.py:1370} INFO - 
--------------------------------------------------------------------------------
[2024-12-05T12:01:13.470+0000] {taskinstance.py:1389} INFO - Executing <Task(BashOperator): starting> on 2024-11-30 09:20:00+00:00
[2024-12-05T12:01:13.477+0000] {standard_task_runner.py:52} INFO - Started process 906 to run task
[2024-12-05T12:01:13.479+0000] {standard_task_runner.py:79} INFO - Running: ['***', 'tasks', 'run', 'P2M3', 'starting', 'scheduled__2024-11-30T09:20:00+00:00', '--job-id', '55', '--raw', '--subdir', 'DAGS_FOLDER/P2M3_alridho_DAG.py', '--cfg-path', '/tmp/tmpr7jij8ak', '--error-file', '/tmp/tmp1ka3epuq']
[2024-12-05T12:01:13.480+0000] {standard_task_runner.py:80} INFO - Job 55: Subtask starting
[2024-12-05T12:01:13.569+0000] {task_command.py:371} INFO - Running <TaskInstance: P2M3.starting scheduled__2024-11-30T09:20:00+00:00 [running]> on host 9b483ed80620
[2024-12-05T12:01:13.660+0000] {taskinstance.py:1583} INFO - Exporting the following env vars:
AIRFLOW_CTX_DAG_OWNER=alridho
AIRFLOW_CTX_DAG_ID=P2M3
AIRFLOW_CTX_TASK_ID=starting
AIRFLOW_CTX_EXECUTION_DATE=2024-11-30T09:20:00+00:00
AIRFLOW_CTX_TRY_NUMBER=1
AIRFLOW_CTX_DAG_RUN_ID=scheduled__2024-11-30T09:20:00+00:00
[2024-12-05T12:01:13.661+0000] {subprocess.py:62} INFO - Tmp dir root location: 
 /tmp
[2024-12-05T12:01:13.685+0000] {subprocess.py:74} INFO - Running command: ['/bin/bash', '-c', 'echo "Starting the process of reading the CSV file to load the data..."']
[2024-12-05T12:01:13.697+0000] {subprocess.py:85} INFO - Output:
[2024-12-05T12:01:13.698+0000] {subprocess.py:92} INFO - Starting the process of reading the CSV file to load the data...
[2024-12-05T12:01:13.699+0000] {subprocess.py:96} INFO - Command exited with return code 0
[2024-12-05T12:01:13.748+0000] {taskinstance.py:1412} INFO - Marking task as SUCCESS. dag_id=P2M3, task_id=starting, execution_date=20241130T092000, start_date=20241205T120113, end_date=20241205T120113
[2024-12-05T12:01:13.771+0000] {local_task_job.py:156} INFO - Task exited with return code 0
[2024-12-05T12:01:13.828+0000] {local_task_job.py:279} INFO - 1 downstream tasks scheduled from follow-on schedule check
[2024-12-05T12:05:03.933+0000] {taskinstance.py:1171} INFO - Dependencies all met for <TaskInstance: P2M3.starting scheduled__2024-11-30T09:20:00+00:00 [queued]>
[2024-12-05T12:05:03.941+0000] {taskinstance.py:1171} INFO - Dependencies all met for <TaskInstance: P2M3.starting scheduled__2024-11-30T09:20:00+00:00 [queued]>
[2024-12-05T12:05:03.941+0000] {taskinstance.py:1368} INFO - 
--------------------------------------------------------------------------------
[2024-12-05T12:05:03.941+0000] {taskinstance.py:1369} INFO - Starting attempt 1 of 1
[2024-12-05T12:05:03.942+0000] {taskinstance.py:1370} INFO - 
--------------------------------------------------------------------------------
[2024-12-05T12:05:03.952+0000] {taskinstance.py:1389} INFO - Executing <Task(BashOperator): starting> on 2024-11-30 09:20:00+00:00
[2024-12-05T12:05:03.958+0000] {standard_task_runner.py:52} INFO - Started process 995 to run task
[2024-12-05T12:05:03.960+0000] {standard_task_runner.py:79} INFO - Running: ['***', 'tasks', 'run', 'P2M3', 'starting', 'scheduled__2024-11-30T09:20:00+00:00', '--job-id', '62', '--raw', '--subdir', 'DAGS_FOLDER/P2M3_alridho_DAG.py', '--cfg-path', '/tmp/tmpn1ru8__g', '--error-file', '/tmp/tmppl_arcvs']
[2024-12-05T12:05:03.961+0000] {standard_task_runner.py:80} INFO - Job 62: Subtask starting
[2024-12-05T12:05:04.112+0000] {task_command.py:371} INFO - Running <TaskInstance: P2M3.starting scheduled__2024-11-30T09:20:00+00:00 [running]> on host 9b483ed80620
[2024-12-05T12:05:04.310+0000] {taskinstance.py:1583} INFO - Exporting the following env vars:
AIRFLOW_CTX_DAG_OWNER=alridho
AIRFLOW_CTX_DAG_ID=P2M3
AIRFLOW_CTX_TASK_ID=starting
AIRFLOW_CTX_EXECUTION_DATE=2024-11-30T09:20:00+00:00
AIRFLOW_CTX_TRY_NUMBER=1
AIRFLOW_CTX_DAG_RUN_ID=scheduled__2024-11-30T09:20:00+00:00
[2024-12-05T12:05:04.311+0000] {subprocess.py:62} INFO - Tmp dir root location: 
 /tmp
[2024-12-05T12:05:04.327+0000] {subprocess.py:74} INFO - Running command: ['/bin/bash', '-c', 'echo "Starting the process of reading the CSV file to load the data..."']
[2024-12-05T12:05:04.381+0000] {subprocess.py:85} INFO - Output:
[2024-12-05T12:05:04.382+0000] {subprocess.py:92} INFO - Starting the process of reading the CSV file to load the data...
[2024-12-05T12:05:04.383+0000] {subprocess.py:96} INFO - Command exited with return code 0
[2024-12-05T12:05:04.450+0000] {taskinstance.py:1412} INFO - Marking task as SUCCESS. dag_id=P2M3, task_id=starting, execution_date=20241130T092000, start_date=20241205T120503, end_date=20241205T120504
[2024-12-05T12:05:04.496+0000] {local_task_job.py:156} INFO - Task exited with return code 0
[2024-12-05T12:05:04.582+0000] {local_task_job.py:279} INFO - 0 downstream tasks scheduled from follow-on schedule check
[2024-12-05T12:09:18.523+0000] {taskinstance.py:1171} INFO - Dependencies all met for <TaskInstance: P2M3.starting scheduled__2024-11-30T09:20:00+00:00 [queued]>
[2024-12-05T12:09:18.530+0000] {taskinstance.py:1171} INFO - Dependencies all met for <TaskInstance: P2M3.starting scheduled__2024-11-30T09:20:00+00:00 [queued]>
[2024-12-05T12:09:18.531+0000] {taskinstance.py:1368} INFO - 
--------------------------------------------------------------------------------
[2024-12-05T12:09:18.531+0000] {taskinstance.py:1369} INFO - Starting attempt 1 of 1
[2024-12-05T12:09:18.531+0000] {taskinstance.py:1370} INFO - 
--------------------------------------------------------------------------------
[2024-12-05T12:09:18.542+0000] {taskinstance.py:1389} INFO - Executing <Task(BashOperator): starting> on 2024-11-30 09:20:00+00:00
[2024-12-05T12:09:18.548+0000] {standard_task_runner.py:52} INFO - Started process 1075 to run task
[2024-12-05T12:09:18.550+0000] {standard_task_runner.py:79} INFO - Running: ['***', 'tasks', 'run', 'P2M3', 'starting', 'scheduled__2024-11-30T09:20:00+00:00', '--job-id', '70', '--raw', '--subdir', 'DAGS_FOLDER/P2M3_alridho_DAG.py', '--cfg-path', '/tmp/tmp7yrzthl1', '--error-file', '/tmp/tmpx7lr8kik']
[2024-12-05T12:09:18.551+0000] {standard_task_runner.py:80} INFO - Job 70: Subtask starting
[2024-12-05T12:09:21.257+0000] {task_command.py:371} INFO - Running <TaskInstance: P2M3.starting scheduled__2024-11-30T09:20:00+00:00 [running]> on host 9b483ed80620
[2024-12-05T12:09:25.011+0000] {taskinstance.py:1583} INFO - Exporting the following env vars:
AIRFLOW_CTX_DAG_OWNER=alridho
AIRFLOW_CTX_DAG_ID=P2M3
AIRFLOW_CTX_TASK_ID=starting
AIRFLOW_CTX_EXECUTION_DATE=2024-11-30T09:20:00+00:00
AIRFLOW_CTX_TRY_NUMBER=1
AIRFLOW_CTX_DAG_RUN_ID=scheduled__2024-11-30T09:20:00+00:00
[2024-12-05T12:09:25.045+0000] {subprocess.py:62} INFO - Tmp dir root location: 
 /tmp
[2024-12-05T12:09:25.206+0000] {subprocess.py:74} INFO - Running command: ['/bin/bash', '-c', 'echo "Starting the process of reading the CSV file to load the data..."']
[2024-12-05T12:09:25.950+0000] {subprocess.py:85} INFO - Output:
[2024-12-05T12:09:25.952+0000] {subprocess.py:92} INFO - Starting the process of reading the CSV file to load the data...
[2024-12-05T12:09:25.952+0000] {subprocess.py:96} INFO - Command exited with return code 0
[2024-12-05T12:09:26.879+0000] {taskinstance.py:1412} INFO - Marking task as SUCCESS. dag_id=P2M3, task_id=starting, execution_date=20241130T092000, start_date=20241205T120918, end_date=20241205T120926
[2024-12-05T12:09:27.209+0000] {local_task_job.py:156} INFO - Task exited with return code 0
[2024-12-05T12:09:27.821+0000] {local_task_job.py:279} INFO - 1 downstream tasks scheduled from follow-on schedule check
[2024-12-05T12:19:25.302+0000] {taskinstance.py:1171} INFO - Dependencies all met for <TaskInstance: P2M3.starting scheduled__2024-11-30T09:20:00+00:00 [queued]>
[2024-12-05T12:19:25.397+0000] {taskinstance.py:1171} INFO - Dependencies all met for <TaskInstance: P2M3.starting scheduled__2024-11-30T09:20:00+00:00 [queued]>
[2024-12-05T12:19:25.397+0000] {taskinstance.py:1368} INFO - 
--------------------------------------------------------------------------------
[2024-12-05T12:19:25.397+0000] {taskinstance.py:1369} INFO - Starting attempt 1 of 1
[2024-12-05T12:19:25.397+0000] {taskinstance.py:1370} INFO - 
--------------------------------------------------------------------------------
[2024-12-05T12:19:25.469+0000] {taskinstance.py:1389} INFO - Executing <Task(BashOperator): starting> on 2024-11-30 09:20:00+00:00
[2024-12-05T12:19:25.476+0000] {standard_task_runner.py:52} INFO - Started process 210 to run task
[2024-12-05T12:19:25.479+0000] {standard_task_runner.py:79} INFO - Running: ['***', 'tasks', 'run', 'P2M3', 'starting', 'scheduled__2024-11-30T09:20:00+00:00', '--job-id', '80', '--raw', '--subdir', 'DAGS_FOLDER/P2M3_alridho_DAG.py', '--cfg-path', '/tmp/tmpknhmtx6q', '--error-file', '/tmp/tmph4ed_ioy']
[2024-12-05T12:19:25.480+0000] {standard_task_runner.py:80} INFO - Job 80: Subtask starting
[2024-12-05T12:19:28.723+0000] {task_command.py:371} INFO - Running <TaskInstance: P2M3.starting scheduled__2024-11-30T09:20:00+00:00 [running]> on host f1a3a7cf14eb
[2024-12-05T12:19:32.739+0000] {taskinstance.py:1583} INFO - Exporting the following env vars:
AIRFLOW_CTX_DAG_OWNER=alridho
AIRFLOW_CTX_DAG_ID=P2M3
AIRFLOW_CTX_TASK_ID=starting
AIRFLOW_CTX_EXECUTION_DATE=2024-11-30T09:20:00+00:00
AIRFLOW_CTX_TRY_NUMBER=1
AIRFLOW_CTX_DAG_RUN_ID=scheduled__2024-11-30T09:20:00+00:00
[2024-12-05T12:19:32.740+0000] {subprocess.py:62} INFO - Tmp dir root location: 
 /tmp
[2024-12-05T12:19:32.740+0000] {subprocess.py:74} INFO - Running command: ['/bin/bash', '-c', 'echo "Starting the process of reading the CSV file to load the data..."']
[2024-12-05T12:19:32.752+0000] {subprocess.py:85} INFO - Output:
[2024-12-05T12:19:32.761+0000] {subprocess.py:92} INFO - Starting the process of reading the CSV file to load the data...
[2024-12-05T12:19:32.762+0000] {subprocess.py:96} INFO - Command exited with return code 0
[2024-12-05T12:19:32.881+0000] {taskinstance.py:1412} INFO - Marking task as SUCCESS. dag_id=P2M3, task_id=starting, execution_date=20241130T092000, start_date=20241205T121925, end_date=20241205T121932
[2024-12-05T12:19:32.980+0000] {local_task_job.py:156} INFO - Task exited with return code 0
[2024-12-05T12:19:33.035+0000] {local_task_job.py:279} INFO - 1 downstream tasks scheduled from follow-on schedule check
