[2024-12-05T12:09:20.640+0000] {taskinstance.py:1171} INFO - Dependencies all met for <TaskInstance: P2M3.starting manual__2024-12-05T12:09:16.607868+00:00 [queued]>
[2024-12-05T12:09:20.648+0000] {taskinstance.py:1171} INFO - Dependencies all met for <TaskInstance: P2M3.starting manual__2024-12-05T12:09:16.607868+00:00 [queued]>
[2024-12-05T12:09:20.649+0000] {taskinstance.py:1368} INFO - 
--------------------------------------------------------------------------------
[2024-12-05T12:09:20.649+0000] {taskinstance.py:1369} INFO - Starting attempt 1 of 1
[2024-12-05T12:09:20.649+0000] {taskinstance.py:1370} INFO - 
--------------------------------------------------------------------------------
[2024-12-05T12:09:20.720+0000] {taskinstance.py:1389} INFO - Executing <Task(BashOperator): starting> on 2024-12-05 12:09:16.607868+00:00
[2024-12-05T12:09:20.872+0000] {standard_task_runner.py:52} INFO - Started process 1076 to run task
[2024-12-05T12:09:21.541+0000] {standard_task_runner.py:79} INFO - Running: ['***', 'tasks', 'run', 'P2M3', 'starting', 'manual__2024-12-05T12:09:16.607868+00:00', '--job-id', '71', '--raw', '--subdir', 'DAGS_FOLDER/P2M3_alridho_DAG.py', '--cfg-path', '/tmp/tmptru1436n', '--error-file', '/tmp/tmphpf213yt']
[2024-12-05T12:09:21.543+0000] {standard_task_runner.py:80} INFO - Job 71: Subtask starting
[2024-12-05T12:09:26.883+0000] {task_command.py:371} INFO - Running <TaskInstance: P2M3.starting manual__2024-12-05T12:09:16.607868+00:00 [running]> on host 9b483ed80620
[2024-12-05T12:09:29.662+0000] {taskinstance.py:1583} INFO - Exporting the following env vars:
AIRFLOW_CTX_DAG_OWNER=alridho
AIRFLOW_CTX_DAG_ID=P2M3
AIRFLOW_CTX_TASK_ID=starting
AIRFLOW_CTX_EXECUTION_DATE=2024-12-05T12:09:16.607868+00:00
AIRFLOW_CTX_TRY_NUMBER=1
AIRFLOW_CTX_DAG_RUN_ID=manual__2024-12-05T12:09:16.607868+00:00
[2024-12-05T12:09:30.051+0000] {subprocess.py:62} INFO - Tmp dir root location: 
 /tmp
[2024-12-05T12:09:30.052+0000] {subprocess.py:74} INFO - Running command: ['/bin/bash', '-c', 'echo "Starting the process of reading the CSV file to load the data..."']
[2024-12-05T12:09:30.133+0000] {subprocess.py:85} INFO - Output:
[2024-12-05T12:09:30.136+0000] {subprocess.py:92} INFO - Starting the process of reading the CSV file to load the data...
[2024-12-05T12:09:30.136+0000] {subprocess.py:96} INFO - Command exited with return code 0
[2024-12-05T12:09:30.243+0000] {taskinstance.py:1412} INFO - Marking task as SUCCESS. dag_id=P2M3, task_id=starting, execution_date=20241205T120916, start_date=20241205T120920, end_date=20241205T120930
[2024-12-05T12:09:30.302+0000] {local_task_job.py:156} INFO - Task exited with return code 0
[2024-12-05T12:09:30.429+0000] {local_task_job.py:279} INFO - 1 downstream tasks scheduled from follow-on schedule check
