[2024-12-05T08:19:59.329+0000] {taskinstance.py:1171} INFO - Dependencies all met for <TaskInstance: H8CSVDAG.starting manual__2024-12-05T08:19:57.882573+00:00 [queued]>
[2024-12-05T08:19:59.337+0000] {taskinstance.py:1171} INFO - Dependencies all met for <TaskInstance: H8CSVDAG.starting manual__2024-12-05T08:19:57.882573+00:00 [queued]>
[2024-12-05T08:19:59.337+0000] {taskinstance.py:1368} INFO - 
--------------------------------------------------------------------------------
[2024-12-05T08:19:59.338+0000] {taskinstance.py:1369} INFO - Starting attempt 1 of 2
[2024-12-05T08:19:59.338+0000] {taskinstance.py:1370} INFO - 
--------------------------------------------------------------------------------
[2024-12-05T08:19:59.348+0000] {taskinstance.py:1389} INFO - Executing <Task(BashOperator): starting> on 2024-12-05 08:19:57.882573+00:00
[2024-12-05T08:19:59.355+0000] {standard_task_runner.py:52} INFO - Started process 320 to run task
[2024-12-05T08:19:59.357+0000] {standard_task_runner.py:79} INFO - Running: ['***', 'tasks', 'run', 'H8CSVDAG', 'starting', 'manual__2024-12-05T08:19:57.882573+00:00', '--job-id', '8', '--raw', '--subdir', 'DAGS_FOLDER/P2M3_alridho_DAG.py', '--cfg-path', '/tmp/tmphpo8kzr1', '--error-file', '/tmp/tmpgzvbggeg']
[2024-12-05T08:19:59.358+0000] {standard_task_runner.py:80} INFO - Job 8: Subtask starting
[2024-12-05T08:19:59.455+0000] {task_command.py:371} INFO - Running <TaskInstance: H8CSVDAG.starting manual__2024-12-05T08:19:57.882573+00:00 [running]> on host 91c538a0d2ed
[2024-12-05T08:19:59.552+0000] {taskinstance.py:1583} INFO - Exporting the following env vars:
AIRFLOW_CTX_DAG_OWNER=raka
AIRFLOW_CTX_DAG_ID=H8CSVDAG
AIRFLOW_CTX_TASK_ID=starting
AIRFLOW_CTX_EXECUTION_DATE=2024-12-05T08:19:57.882573+00:00
AIRFLOW_CTX_TRY_NUMBER=1
AIRFLOW_CTX_DAG_RUN_ID=manual__2024-12-05T08:19:57.882573+00:00
[2024-12-05T08:19:59.553+0000] {subprocess.py:62} INFO - Tmp dir root location: 
 /tmp
[2024-12-05T08:19:59.554+0000] {subprocess.py:74} INFO - Running command: ['/bin/bash', '-c', 'echo "I am reading the CSV now....."']
[2024-12-05T08:19:59.566+0000] {subprocess.py:85} INFO - Output:
[2024-12-05T08:19:59.568+0000] {subprocess.py:92} INFO - I am reading the CSV now.....
[2024-12-05T08:19:59.568+0000] {subprocess.py:96} INFO - Command exited with return code 0
[2024-12-05T08:19:59.624+0000] {taskinstance.py:1412} INFO - Marking task as SUCCESS. dag_id=H8CSVDAG, task_id=starting, execution_date=20241205T081957, start_date=20241205T081959, end_date=20241205T081959
[2024-12-05T08:19:59.650+0000] {local_task_job.py:156} INFO - Task exited with return code 0
[2024-12-05T08:19:59.718+0000] {local_task_job.py:279} INFO - 0 downstream tasks scheduled from follow-on schedule check
