[2024-12-05T11:24:37.563+0000] {taskinstance.py:1171} INFO - Dependencies all met for <TaskInstance: P2M3.data-cleaning manual__2024-12-05T11:24:32.759893+00:00 [queued]>
[2024-12-05T11:24:37.570+0000] {taskinstance.py:1171} INFO - Dependencies all met for <TaskInstance: P2M3.data-cleaning manual__2024-12-05T11:24:32.759893+00:00 [queued]>
[2024-12-05T11:24:37.571+0000] {taskinstance.py:1368} INFO - 
--------------------------------------------------------------------------------
[2024-12-05T11:24:37.571+0000] {taskinstance.py:1369} INFO - Starting attempt 1 of 1
[2024-12-05T11:24:37.571+0000] {taskinstance.py:1370} INFO - 
--------------------------------------------------------------------------------
[2024-12-05T11:24:37.582+0000] {taskinstance.py:1389} INFO - Executing <Task(PythonOperator): data-cleaning> on 2024-12-05 11:24:32.759893+00:00
[2024-12-05T11:24:37.588+0000] {standard_task_runner.py:52} INFO - Started process 258 to run task
[2024-12-05T11:24:37.590+0000] {standard_task_runner.py:79} INFO - Running: ['***', 'tasks', 'run', 'P2M3', 'data-cleaning', 'manual__2024-12-05T11:24:32.759893+00:00', '--job-id', '24', '--raw', '--subdir', 'DAGS_FOLDER/P2M3_alridho_DAG.py', '--cfg-path', '/tmp/tmpr2zyo7bz', '--error-file', '/tmp/tmp2dz2gulm']
[2024-12-05T11:24:37.590+0000] {standard_task_runner.py:80} INFO - Job 24: Subtask data-cleaning
[2024-12-05T11:24:37.694+0000] {task_command.py:371} INFO - Running <TaskInstance: P2M3.data-cleaning manual__2024-12-05T11:24:32.759893+00:00 [running]> on host 9b483ed80620
[2024-12-05T11:24:37.796+0000] {taskinstance.py:1583} INFO - Exporting the following env vars:
AIRFLOW_CTX_DAG_OWNER=alridho
AIRFLOW_CTX_DAG_ID=P2M3
AIRFLOW_CTX_TASK_ID=data-cleaning
AIRFLOW_CTX_EXECUTION_DATE=2024-12-05T11:24:32.759893+00:00
AIRFLOW_CTX_TRY_NUMBER=1
AIRFLOW_CTX_DAG_RUN_ID=manual__2024-12-05T11:24:32.759893+00:00
[2024-12-05T11:24:37.869+0000] {python.py:173} INFO - Done. Returned value was: None
[2024-12-05T11:24:37.893+0000] {taskinstance.py:1412} INFO - Marking task as SUCCESS. dag_id=P2M3, task_id=data-cleaning, execution_date=20241205T112432, start_date=20241205T112437, end_date=20241205T112437
[2024-12-05T11:24:37.922+0000] {local_task_job.py:156} INFO - Task exited with return code 0
[2024-12-05T11:24:37.974+0000] {local_task_job.py:279} INFO - 0 downstream tasks scheduled from follow-on schedule check
